<?xml version="1.0" encoding="UTF-8"?>
<!-- Generated by org.testng.reporters.JUnitReportReporter -->
<testsuite hostname="QT-INBG-LT0530" failures="0" tests="1" name="Hithaaa.Contactus" time="5.494" errors="0" timestamp="2022-07-19T14:32:37 IST" skipped="0">
  <testcase classname="Hithaaa.Contactus" name="hiiii" time="5.494"/>
  <system-out/>
</testsuite> <!-- Hithaaa.Contactus -->
