<?xml version="1.0" encoding="UTF-8"?>
<!-- Generated by org.testng.reporters.JUnitReportReporter -->
<testsuite hostname="QT-INBG-LT0530" failures="0" tests="1" name="Hithaaa.Signin" time="9.311" errors="0" timestamp="2022-07-15T18:02:39 IST" skipped="0">
  <testcase classname="Hithaaa.Signin" name="quali" time="9.311"/>
  <system-out/>
</testsuite> <!-- Hithaaa.Signin -->
