<?xml version="1.0" encoding="UTF-8"?>
<!-- Generated by org.testng.reporters.JUnitReportReporter -->
<testsuite hostname="QT-INBG-LT0530" failures="0" tests="1" name="Hithaaa.order" time="15.579" errors="0" timestamp="2022-07-19T13:15:37 IST" skipped="0">
  <testcase classname="Hithaaa.order" name="main" time="15.579"/>
  <system-out/>
</testsuite> <!-- Hithaaa.order -->
